0 silly argv { _: [ 'bootstrap' ], lernaVersion: '3.15.0', '$0': 'lerna' }
1 notice cli v3.15.0
2 verbose rootPath /usr/local/ui/Demos/grouter
3 info versioning independent
4 silly batched [ PackageGraphNode {
4 silly batched     name: '@grouter/demo',
4 silly batched     externalDependencies:
4 silly batched      Map {
4 silly batched        '@babel/cli' => [Object],
4 silly batched        '@babel/core' => [Object],
4 silly batched        '@babel/plugin-proposal-class-properties' => [Object],
4 silly batched        '@babel/plugin-syntax-dynamic-import' => [Object],
4 silly batched        '@babel/plugin-transform-runtime' => [Object],
4 silly batched        '@babel/preset-env' => [Object],
4 silly batched        '@babel/preset-react' => [Object],
4 silly batched        'babel-loader' => [Object],
4 silly batched        'babel-plugin-styled-components' => [Object],
4 silly batched        'gaze' => [Object],
4 silly batched        'html-webpack-plugin' => [Object],
4 silly batched        '@grouter/path-to-router-webpack-plugin' => [Object],
4 silly batched        'react-hot-loader' => [Object],
4 silly batched        'webpack' => [Object],
4 silly batched        'webpack-cli' => [Object],
4 silly batched        'webpack-dev-server' => [Object],
4 silly batched        'webpack-merge' => [Object],
4 silly batched        '@babel/polyfill' => [Object],
4 silly batched        '@material-ui/core' => [Object],
4 silly batched        '@reach/router' => [Object],
4 silly batched        'react' => [Object],
4 silly batched        'react-dom' => [Object],
4 silly batched        'styled-components' => [Object] },
4 silly batched     localDependencies: Map {},
4 silly batched     localDependents: Map {} },
4 silly batched   PackageGraphNode {
4 silly batched     name: 'path-to-router-webpack-plugin',
4 silly batched     externalDependencies:
4 silly batched      Map {
4 silly batched        '@babel/cli' => [Object],
4 silly batched        '@babel/core' => [Object],
4 silly batched        '@babel/plugin-proposal-class-properties' => [Object],
4 silly batched        '@babel/preset-env' => [Object],
4 silly batched        '@nuxt/utils' => [Object],
4 silly batched        'fs-extra' => [Object],
4 silly batched        'gaze' => [Object],
4 silly batched        'lodash' => [Object] },
4 silly batched     localDependencies: Map {},
4 silly batched     localDependents: Map {} } ]
5 silly npmConfig { registry: undefined,
5 silly npmConfig   npmClient: 'npm',
5 silly npmConfig   npmClientArgs: [ '--no-lockfile' ],
5 silly npmConfig   mutex: undefined }
6 info Bootstrapping 2 packages
7 verbose lifecycle preinstall
8 silly lifecycle No script for "preinstall" in "@grouter/demo", continuing
9 silly lifecycle No script for "preinstall" in "path-to-router-webpack-plugin", continuing
10 silly hasDependencyInstalled @grouter/demo @babel/cli
11 silly hasDependencyInstalled path-to-router-webpack-plugin @babel/cli
12 silly hasDependencyInstalled @grouter/demo @babel/core
13 silly hasDependencyInstalled path-to-router-webpack-plugin @babel/core
14 silly hasDependencyInstalled @grouter/demo @babel/plugin-proposal-class-properties
15 silly hasDependencyInstalled path-to-router-webpack-plugin @babel/plugin-proposal-class-properties
16 silly hasDependencyInstalled @grouter/demo @babel/plugin-syntax-dynamic-import
17 silly hasDependencyInstalled @grouter/demo @babel/plugin-transform-runtime
18 silly hasDependencyInstalled @grouter/demo @babel/preset-env
19 silly hasDependencyInstalled path-to-router-webpack-plugin @babel/preset-env
20 silly hasDependencyInstalled @grouter/demo @babel/preset-react
21 silly hasDependencyInstalled @grouter/demo babel-loader
22 silly hasDependencyInstalled @grouter/demo babel-plugin-styled-components
23 silly hasDependencyInstalled @grouter/demo gaze
24 silly hasDependencyInstalled path-to-router-webpack-plugin gaze
25 silly hasDependencyInstalled @grouter/demo html-webpack-plugin
26 silly hasDependencyInstalled @grouter/demo @grouter/path-to-router-webpack-plugin
27 silly hasDependencyInstalled @grouter/demo react-hot-loader
28 silly hasDependencyInstalled @grouter/demo webpack
29 silly hasDependencyInstalled @grouter/demo webpack-cli
30 silly hasDependencyInstalled @grouter/demo webpack-dev-server
31 silly hasDependencyInstalled @grouter/demo webpack-merge
32 silly hasDependencyInstalled @grouter/demo @babel/polyfill
33 silly hasDependencyInstalled @grouter/demo @material-ui/core
34 silly hasDependencyInstalled @grouter/demo @reach/router
35 silly hasDependencyInstalled @grouter/demo react
36 silly hasDependencyInstalled @grouter/demo react-dom
37 silly hasDependencyInstalled @grouter/demo styled-components
38 silly hasDependencyInstalled path-to-router-webpack-plugin @nuxt/utils
39 silly hasDependencyInstalled path-to-router-webpack-plugin fs-extra
40 silly hasDependencyInstalled path-to-router-webpack-plugin lodash
41 silly root dependencies {}
42 silly leaf dependencies {}
43 info Installing external dependencies
44 verbose actions 1 actions, concurrency 6
45 silly npmInstallDependencies @grouter/demo [ '@babel/cli@^7.2.3',
45 silly npmInstallDependencies   '@babel/core@^7.3.4',
45 silly npmInstallDependencies   '@babel/plugin-proposal-class-properties@^7.3.4',
45 silly npmInstallDependencies   '@babel/plugin-syntax-dynamic-import@^7.2.0',
45 silly npmInstallDependencies   '@babel/plugin-transform-runtime@^7.4.0',
45 silly npmInstallDependencies   '@babel/preset-env@^7.3.4',
45 silly npmInstallDependencies   '@babel/preset-react@^7.0.0',
45 silly npmInstallDependencies   'babel-loader@^8.0.5',
45 silly npmInstallDependencies   'babel-plugin-styled-components@^1.10.0',
45 silly npmInstallDependencies   'gaze@^1.1.3',
45 silly npmInstallDependencies   'html-webpack-plugin@^3.2.0',
45 silly npmInstallDependencies   '@grouter/path-to-router-webpack-plugin@^0.0.2-alpha.2',
45 silly npmInstallDependencies   'react-hot-loader@^4.6.5',
45 silly npmInstallDependencies   'webpack@^4.29.6',
45 silly npmInstallDependencies   'webpack-cli@^3.3.0',
45 silly npmInstallDependencies   'webpack-dev-server@^3.2.1',
45 silly npmInstallDependencies   'webpack-merge@^4.2.1',
45 silly npmInstallDependencies   '@babel/polyfill@^7.2.5',
45 silly npmInstallDependencies   '@material-ui/core@^3.9.2',
45 silly npmInstallDependencies   '@reach/router@^1.2.1',
45 silly npmInstallDependencies   'react@^16.8.4',
45 silly npmInstallDependencies   'react-dom@^16.8.4',
45 silly npmInstallDependencies   'styled-components@^4.1.3' ]
46 silly npmInstallDependencies backup /usr/local/ui/Demos/grouter/packages/demo/package.json
47 silly npmInstallDependencies writing tempJson { name: '@grouter/demo',
47 silly npmInstallDependencies   version: '0.0.2-alpha.3',
47 silly npmInstallDependencies   description: '> TODO: description',
47 silly npmInstallDependencies   author: 'Rick he <rui.he@logicmonitor.com>',
47 silly npmInstallDependencies   license: 'ISC',
47 silly npmInstallDependencies   main: 'lib/demo.js',
47 silly npmInstallDependencies   directories: {},
47 silly npmInstallDependencies   files: [ 'lib' ],
47 silly npmInstallDependencies   devDependencies:
47 silly npmInstallDependencies    { '@babel/cli': '^7.2.3',
47 silly npmInstallDependencies      '@babel/core': '^7.3.4',
47 silly npmInstallDependencies      '@babel/plugin-proposal-class-properties': '^7.3.4',
47 silly npmInstallDependencies      '@babel/plugin-syntax-dynamic-import': '^7.2.0',
47 silly npmInstallDependencies      '@babel/plugin-transform-runtime': '^7.4.0',
47 silly npmInstallDependencies      '@babel/preset-env': '^7.3.4',
47 silly npmInstallDependencies      '@babel/preset-react': '^7.0.0',
47 silly npmInstallDependencies      'babel-loader': '^8.0.5',
47 silly npmInstallDependencies      'babel-plugin-styled-components': '^1.10.0',
47 silly npmInstallDependencies      gaze: '^1.1.3',
47 silly npmInstallDependencies      'html-webpack-plugin': '^3.2.0',
47 silly npmInstallDependencies      '@grouter/path-to-router-webpack-plugin': '^0.0.2-alpha.2',
47 silly npmInstallDependencies      'react-hot-loader': '^4.6.5',
47 silly npmInstallDependencies      webpack: '^4.29.6',
47 silly npmInstallDependencies      'webpack-cli': '^3.3.0',
47 silly npmInstallDependencies      'webpack-dev-server': '^3.2.1',
47 silly npmInstallDependencies      'webpack-merge': '^4.2.1' },
47 silly npmInstallDependencies   dependencies:
47 silly npmInstallDependencies    { '@babel/polyfill': '^7.2.5',
47 silly npmInstallDependencies      '@material-ui/core': '^3.9.2',
47 silly npmInstallDependencies      '@reach/router': '^1.2.1',
47 silly npmInstallDependencies      react: '^16.8.4',
47 silly npmInstallDependencies      'react-dom': '^16.8.4',
47 silly npmInstallDependencies      'styled-components': '^4.1.3' },
47 silly npmInstallDependencies   gitHead: 'd2c4bb350faead72bf62496d548a5c6b1a6f4847' }
48 silly getExecOpts /usr/local/ui/Demos/grouter/packages/demo undefined
49 silly npmInstall [ 'npm', [ 'install', '--no-lockfile' ] ]
50 silly npmInstallDependencies cleanup /usr/local/ui/Demos/grouter/packages/demo/package.json
51 error Error: ENOENT: no such file or directory, rename '/usr/local/ui/Demos/grouter/packages/demo/package.json.lerna_backup' -> '/usr/local/ui/Demos/grouter/packages/demo/package.json'
51 error     at Object.renameSync (fs.js:591:3)
51 error     at cleanup (/usr/local/ui/Demos/grouter/node_modules/@lerna/npm-install/npm-install.js:70:10)
51 error     at done (/usr/local/ui/Demos/grouter/node_modules/@lerna/npm-install/npm-install.js:78:7)
